{"date":"2024-09-20T19:07:35.862Z","level":"error","message":"Email not verified","method":"POST","service":"user-service","url":"/login"}
{"date":"2024-09-28T00:35:54.915Z","level":"error","message":"Email not verified","method":"POST","service":"user-service","url":"/login"}
{"date":"2024-09-28T01:19:01.184Z","level":"error","message":"Unsupported BSON version, bson types must be from bson 6.x.x","method":"POST","service":"user-service","url":"/login"}
{"date":"2024-10-29T18:06:06.245Z","level":"error","message":"Image is required","method":"POST","service":"user-service","url":"/"}
{"date":"2024-12-31T21:16:44.182Z","level":"error","message":"Image is required","method":"POST","service":"user-service","url":"/"}
{"date":"2024-12-31T21:18:05.364Z","level":"error","message":"Image is required","method":"POST","service":"user-service","url":"/"}
{"date":"2024-12-31T22:02:15.945Z","level":"error","message":"Image is required","method":"POST","service":"user-service","url":"/"}
{"date":"2024-12-31T22:41:34.672Z","level":"error","message":"Image is required","method":"POST","service":"user-service","url":"/"}
{"date":"2024-12-31T22:42:05.798Z","level":"error","message":"Image is required","method":"POST","service":"user-service","url":"/"}
{"date":"2025-01-01T22:19:07.121Z","level":"error","message":"Image is required","method":"POST","service":"user-service","url":"/"}
{"date":"2025-01-01T22:20:22.138Z","level":"error","message":"Product validation failed: user: Path `user` is required., vendor: Path `vendor` is required.","method":"POST","service":"user-service","url":"/"}
{"date":"2025-01-01T22:21:20.375Z","level":"error","message":"Product validation failed: user: Path `user` is required.","method":"POST","service":"user-service","url":"/"}
{"date":"2025-01-06T20:54:43.386Z","level":"error","message":"Given transaction number 1 does not match any in-progress transactions. The active transaction number is -1","method":"PUT","service":"user-service","url":"/677c3bda553176da48452595"}
{"date":"2025-01-06T20:57:58.615Z","level":"error","message":"Product validation failed: brand: Path `brand` is required.","method":"PUT","service":"user-service","url":"/677c3bda553176da48452595"}
{"date":"2025-01-06T21:00:34.942Z","level":"error","message":"Given transaction number 1 does not match any in-progress transactions. The active transaction number is -1","method":"PUT","service":"user-service","url":"/677c3bda553176da48452595"}
{"date":"2025-01-06T21:01:25.444Z","level":"error","message":"Given transaction number 1 does not match any in-progress transactions. The active transaction number is -1","method":"PUT","service":"user-service","url":"/677c3bda553176da48452595"}
{"date":"2025-01-06T21:29:11.672Z","level":"error","message":"Given transaction number 1 does not match any in-progress transactions. The active transaction number is -1","method":"PUT","service":"user-service","url":"/677c3bda553176da48452595"}
{"date":"2025-01-06T21:29:17.465Z","level":"error","message":"Given transaction number 2 does not match any in-progress transactions. The active transaction number is 1","method":"PUT","service":"user-service","url":"/677c3bda553176da48452595"}
{"date":"2025-01-08T05:13:14.169Z","level":"error","message":"Please upload at least one image","method":"POST","service":"user-service","url":"/"}
{"date":"2025-01-08T05:14:23.911Z","level":"error","message":"Please upload at least one image","method":"POST","service":"user-service","url":"/"}
{"date":"2025-01-08T05:14:26.775Z","level":"error","message":"Please upload at least one image","method":"POST","service":"user-service","url":"/"}
{"date":"2025-01-08T06:17:01.165Z","level":"error","message":"Cast to ObjectId failed for value \"getAllProducts\" (type string) at path \"_id\" for model \"Post\"","method":"GET","service":"user-service","url":"/getAllProducts?status=rejected"}
{"date":"2025-01-08T06:17:02.357Z","level":"error","message":"Cast to ObjectId failed for value \"getAllProducts\" (type string) at path \"_id\" for model \"Post\"","method":"GET","service":"user-service","url":"/getAllProducts?status=rejected"}
{"date":"2025-01-08T06:17:04.374Z","level":"error","message":"Cast to ObjectId failed for value \"getAllProducts\" (type string) at path \"_id\" for model \"Post\"","method":"GET","service":"user-service","url":"/getAllProducts?status=rejected"}
{"date":"2025-01-08T06:17:08.399Z","level":"error","message":"Cast to ObjectId failed for value \"getAllProducts\" (type string) at path \"_id\" for model \"Post\"","method":"GET","service":"user-service","url":"/getAllProducts?status=rejected"}
{"date":"2025-01-08T06:17:40.090Z","level":"error","message":"Cast to ObjectId failed for value \"getAllProducts\" (type string) at path \"_id\" for model \"Post\"","method":"GET","service":"user-service","url":"/getAllProducts?status=rejected"}
{"date":"2025-01-08T06:17:41.164Z","level":"error","message":"Cast to ObjectId failed for value \"getAllProducts\" (type string) at path \"_id\" for model \"Post\"","method":"GET","service":"user-service","url":"/getAllProducts/?status=rejected"}
{"date":"2025-01-08T06:17:43.183Z","level":"error","message":"Cast to ObjectId failed for value \"getAllProducts\" (type string) at path \"_id\" for model \"Post\"","method":"GET","service":"user-service","url":"/getAllProducts/?status=rejected"}
{"date":"2025-01-08T06:17:47.196Z","level":"error","message":"Cast to ObjectId failed for value \"getAllProducts\" (type string) at path \"_id\" for model \"Post\"","method":"GET","service":"user-service","url":"/getAllProducts/?status=rejected"}
{"date":"2025-01-08T06:18:54.128Z","level":"error","message":"Cast to ObjectId failed for value \"getAllProducts\" (type string) at path \"_id\" for model \"Post\"","method":"GET","service":"user-service","url":"/getAllProducts?status=requested"}
{"date":"2025-01-08T06:18:55.199Z","level":"error","message":"Cast to ObjectId failed for value \"getAllProducts\" (type string) at path \"_id\" for model \"Post\"","method":"GET","service":"user-service","url":"/getAllProducts?status=requested"}
{"date":"2025-01-08T06:18:57.221Z","level":"error","message":"Cast to ObjectId failed for value \"getAllProducts\" (type string) at path \"_id\" for model \"Post\"","method":"GET","service":"user-service","url":"/getAllProducts?status=requested"}
{"date":"2025-01-08T06:19:01.252Z","level":"error","message":"Cast to ObjectId failed for value \"getAllProducts\" (type string) at path \"_id\" for model \"Post\"","method":"GET","service":"user-service","url":"/getAllProducts?status=requested"}
{"date":"2025-01-08T06:20:43.889Z","level":"error","message":"Cast to ObjectId failed for value \"getAllProducts\" (type string) at path \"_id\" for model \"Post\"","method":"GET","service":"user-service","url":"/getAllProducts?status=accepted"}
{"date":"2025-01-08T06:20:44.916Z","level":"error","message":"Cast to ObjectId failed for value \"getAllProducts\" (type string) at path \"_id\" for model \"Post\"","method":"GET","service":"user-service","url":"/getAllProducts?status=accepted"}
{"date":"2025-01-08T06:20:46.940Z","level":"error","message":"Cast to ObjectId failed for value \"getAllProducts\" (type string) at path \"_id\" for model \"Post\"","method":"GET","service":"user-service","url":"/getAllProducts?status=accepted"}
{"date":"2025-01-08T06:20:50.963Z","level":"error","message":"Cast to ObjectId failed for value \"getAllProducts\" (type string) at path \"_id\" for model \"Post\"","method":"GET","service":"user-service","url":"/getAllProducts?status=accepted"}
{"date":"2025-01-08T06:22:21.826Z","level":"error","message":"Cast to ObjectId failed for value \"getAllProducts\" (type string) at path \"_id\" for model \"Post\"","method":"GET","service":"user-service","url":"/getAllProducts"}
{"date":"2025-01-08T06:26:34.432Z","level":"error","message":"Cast to ObjectId failed for value \"getAllProducts\" (type string) at path \"_id\" for model \"Post\"","method":"GET","service":"user-service","url":"/getAllProducts"}
{"date":"2025-01-08T06:27:15.260Z","level":"error","message":"Cast to ObjectId failed for value \"getAllProducts\" (type string) at path \"_id\" for model \"Post\"","method":"GET","service":"user-service","url":"/getAllProducts"}
{"date":"2025-01-08T06:27:52.070Z","level":"error","message":"Cast to ObjectId failed for value \"getAllProducts\" (type string) at path \"_id\" for model \"Post\"","method":"GET","service":"user-service","url":"/getAllProducts"}
{"date":"2025-01-08T06:29:48.038Z","level":"error","message":"Cast to ObjectId failed for value \"getAllProducts\" (type string) at path \"_id\" for model \"Post\"","method":"GET","service":"user-service","url":"/getAllProducts"}
{"date":"2025-01-08T06:30:53.219Z","level":"error","message":"Cast to ObjectId failed for value \"getAllPosts\" (type string) at path \"_id\" for model \"Post\"","method":"GET","service":"user-service","url":"/getAllPosts"}
{"date":"2025-01-08T06:46:36.543Z","level":"error","message":"Cast to ObjectId failed for value \"getAllPosts\" (type string) at path \"_id\" for model \"Post\"","method":"GET","service":"user-service","url":"/getAllPosts"}
{"date":"2025-01-08T06:49:02.989Z","level":"error","message":"Cast to ObjectId failed for value \"getAllPosts\" (type string) at path \"_id\" for model \"Post\"","method":"GET","service":"user-service","url":"/getAllPosts"}
{"date":"2025-01-08T06:51:00.932Z","level":"error","message":"Cast to ObjectId failed for value \"getAllPosts\" (type string) at path \"_id\" for model \"Post\"","method":"GET","service":"user-service","url":"/getAllPosts"}
{"date":"2025-01-08T06:51:42.667Z","level":"error","message":"Cast to ObjectId failed for value \"abcd\" (type string) at path \"_id\" for model \"Post\"","method":"GET","service":"user-service","url":"/abcd"}
{"date":"2025-01-08T06:51:47.913Z","level":"error","message":"Cast to ObjectId failed for value \"abcd\" (type string) at path \"_id\" for model \"Post\"","method":"GET","service":"user-service","url":"/abcd"}
{"date":"2025-01-08T06:53:17.037Z","level":"error","message":"Cast to ObjectId failed for value \"abcd\" (type string) at path \"_id\" for model \"Post\"","method":"GET","service":"user-service","url":"/abcd"}
{"date":"2025-01-08T07:02:59.177Z","level":"error","message":"Cast to ObjectId failed for value \"forAdmin\" (type string) at path \"_id\" for model \"Post\"","method":"GET","service":"user-service","url":"/forAdmin?status=accepted"}
{"date":"2025-01-08T07:08:34.681Z","level":"error","message":"Cast to ObjectId failed for value \"getAllProducts\" (type string) at path \"_id\" for model \"Post\"","method":"GET","service":"user-service","url":"/getAllProducts?status=accepted"}
{"date":"2025-01-08T07:51:02.089Z","level":"error","message":"Cast to ObjectId failed for value \"undefined\" (type string) at path \"_id\" for model \"Post\"","method":"PUT","service":"user-service","url":"/changePostStatus/undefined"}
{"date":"2025-01-08T08:08:42.157Z","level":"error","message":"Cast to ObjectId failed for value \"undefined\" (type string) at path \"_id\" for model \"Post\"","method":"PUT","service":"user-service","url":"/changePostStatus/undefined"}
{"date":"2025-01-08T08:16:43.464Z","level":"error","message":"Cast to ObjectId failed for value \"undefined\" (type string) at path \"_id\" for model \"Post\"","method":"PUT","service":"user-service","url":"/changePostStatus/undefined"}
{"date":"2025-01-08T10:58:32.343Z","level":"error","message":"path option to $unwind stage should be prefixed with a '$': totalDocs","method":"GET","service":"user-service","url":"/getPostForAdmin"}
{"date":"2025-01-08T10:59:02.532Z","level":"error","message":"path option to $unwind stage should be prefixed with a '$': user","method":"GET","service":"user-service","url":"/getPostForAdmin"}
{"date":"2025-01-09T07:57:42.029Z","level":"error","message":"a group specification must include an _id","method":"GET","service":"user-service","url":"/"}
{"date":"2025-01-09T08:03:50.627Z","level":"error","message":"Invalid $project :: caused by :: Path collision at comments.replies remaining portion replies","method":"GET","service":"user-service","url":"/"}
{"date":"2025-01-09T08:12:19.581Z","level":"error","message":"$count takes no arguments, i.e. $count:{}","method":"GET","service":"user-service","url":"/"}
{"date":"2025-01-09T08:17:09.507Z","level":"error","message":"Invalid $project :: caused by :: Path collision at comments.replies remaining portion replies","method":"GET","service":"user-service","url":"/"}
{"date":"2025-01-09T10:41:25.570Z","level":"error","message":"Converting circular structure to JSON\n    --> starting at object with constructor 'MongoClient'\n    |     property 's' -> object with constructor 'Object'\n    |     property 'sessionPool' -> object with constructor 'ServerSessionPool'\n    --- property 'client' closes the circle","method":"GET","service":"user-service","url":"/"}
{"date":"2025-01-10T07:13:31.902Z","level":"error","message":"Product not found","method":"GET","service":"user-service","url":"/6778e5e9801e601b738f1020"}
{"date":"2025-01-11T09:09:16.866Z","level":"error","message":"Image is required","method":"POST","service":"user-service","url":"/"}
{"date":"2025-01-11T09:09:45.195Z","level":"error","message":"Cannot read properties of undefined (reading 'buffer')","method":"POST","service":"user-service","url":"/"}
{"date":"2025-01-11T09:11:34.274Z","level":"error","message":"Banner validation failed: image: Path `image` is required.","method":"POST","service":"user-service","url":"/"}
